<?xml version="1.0" encoding="UTF-8"?>
<!-- Generated by org.testng.reporters.JUnitXMLReporter -->
<testsuite hostname="ShashankSharma-PC" ignored="1" name="LoginWithDataProvider" tests="2" failures="0" timestamp="03 Dec 2017 09:40:02 GMT" time="12.615" errors="0">
  <testcase name="testAdminLoginWithDataProvider" time="6.297" classname="com.test.frameworks.POMWithPageFactory.tests.TestAdminLogin"/>
  <testcase name="testAdminLoginWithDataProvider" time="1.013" classname="com.test.frameworks.POMWithPageFactory.tests.TestAdminLogin"/>
  <testcase name="testAdminLogin" time="0.0" classname="com.test.frameworks.POMWithPageFactory.tests.TestAdminLogin">
    <ignored/>
  </testcase> <!-- testAdminLogin -->
</testsuite> <!-- LoginWithDataProvider -->
