<?xml version="1.0" encoding="UTF-8"?>
<!-- Generated by org.testng.reporters.JUnitXMLReporter -->
<testsuite hostname="ShashankSharma-PC" ignored="2" name="SimpleLogin" tests="1" failures="0" timestamp="03 Dec 2017 10:32:55 GMT" time="12.768" errors="0">
  <testcase name="testAdminLogin" time="7.528" classname="com.test.frameworks.POMWithPageFactory.tests.TestAdminLogin"/>
  <testcase name="testAdminLoginWithConstDataProvider" time="0.0" classname="com.test.frameworks.POMWithPageFactory.tests.TestAdminLogin">
    <ignored/>
  </testcase> <!-- testAdminLoginWithConstDataProvider -->
  <testcase name="testAdminLoginWithDataProvider" time="0.0" classname="com.test.frameworks.POMWithPageFactory.tests.TestAdminLogin">
    <ignored/>
  </testcase> <!-- testAdminLoginWithDataProvider -->
</testsuite> <!-- SimpleLogin -->
