<?xml version="1.0" encoding="UTF-8"?>
<!-- Generated by org.testng.reporters.JUnitXMLReporter -->
<testsuite hostname="ShashankSharma-PC" ignored="1" name="Test1" tests="1" failures="0" timestamp="03 Dec 2017 08:34:21 GMT" time="16.491" errors="0">
  <testcase name="testAdminLogin" time="11.276" classname="com.test.frameworks.POMWithPageFactory.tests.TestAdminLogin"/>
  <testcase name="testAdminLoginWithDataProvider" time="0.0" classname="com.test.frameworks.POMWithPageFactory.tests.TestAdminLogin">
    <ignored/>
  </testcase> <!-- testAdminLoginWithDataProvider -->
</testsuite> <!-- Test1 -->
