<?xml version="1.0" encoding="UTF-8"?>
<!-- Generated by org.testng.reporters.JUnitXMLReporter -->
<testsuite hostname="ShashankSharma-PC" ignored="2" name="Test: Login with excel Data Provider" tests="2" failures="0" timestamp="03 Dec 2017 10:58:37 GMT" time="13.653" errors="0">
  <testcase name="testAdminLoginWithDataProvider" time="7.662" classname="com.test.frameworks.POMWithPageFactory.tests.TestAdminLogin"/>
  <testcase name="testAdminLoginWithDataProvider" time="0.745" classname="com.test.frameworks.POMWithPageFactory.tests.TestAdminLogin"/>
  <testcase name="testAdminLoginWithConstDataProvider" time="0.0" classname="com.test.frameworks.POMWithPageFactory.tests.TestAdminLogin">
    <ignored/>
  </testcase> <!-- testAdminLoginWithConstDataProvider -->
  <testcase name="testAdminLogin" time="0.0" classname="com.test.frameworks.POMWithPageFactory.tests.TestAdminLogin">
    <ignored/>
  </testcase> <!-- testAdminLogin -->
</testsuite> <!-- Test: Login with excel Data Provider -->
