<?xml version="1.0" encoding="UTF-8"?>
<!-- Generated by org.testng.reporters.JUnitXMLReporter -->
<testsuite hostname="ShashankSharma-PC" ignored="2" name="Test: Simple Login" tests="1" failures="0" timestamp="03 Dec 2017 10:58:07 GMT" time="14.048" errors="0">
  <testcase name="testAdminLogin" time="8.83" classname="com.test.frameworks.POMWithPageFactory.tests.TestAdminLogin"/>
  <testcase name="testAdminLoginWithConstDataProvider" time="0.0" classname="com.test.frameworks.POMWithPageFactory.tests.TestAdminLogin">
    <ignored/>
  </testcase> <!-- testAdminLoginWithConstDataProvider -->
  <testcase name="testAdminLoginWithDataProvider" time="0.0" classname="com.test.frameworks.POMWithPageFactory.tests.TestAdminLogin">
    <ignored/>
  </testcase> <!-- testAdminLoginWithDataProvider -->
</testsuite> <!-- Test: Simple Login -->
