<?xml version="1.0" encoding="UTF-8"?>
<!-- Generated by org.testng.reporters.JUnitXMLReporter -->
<testsuite hostname="ShashankSharma-PC" ignored="2" name="Test3" tests="1" failures="0" timestamp="03 Dec 2017 09:32:50 GMT" time="3.015" errors="0">
  <testcase name="testAdminLoginWithDataProvider" time="0.0" classname="com.test.frameworks.POMWithPageFactory.tests.TestAdminLogin">
    <skipped/>
  </testcase> <!-- testAdminLoginWithDataProvider -->
  <testcase name="testAdminLoginWithConstDataProvider" time="0.0" classname="com.test.frameworks.POMWithPageFactory.tests.TestAdminLogin">
    <ignored/>
  </testcase> <!-- testAdminLoginWithConstDataProvider -->
  <testcase name="testAdminLogin" time="0.0" classname="com.test.frameworks.POMWithPageFactory.tests.TestAdminLogin">
    <ignored/>
  </testcase> <!-- testAdminLogin -->
</testsuite> <!-- Test3 -->
