<?xml version="1.0" encoding="UTF-8"?>
<!-- Generated by org.testng.reporters.JUnitXMLReporter -->
<testsuite hostname="ShashankSharma-PC" ignored="1" name="Test2" tests="2" failures="0" timestamp="03 Dec 2017 08:35:14 GMT" time="22.686" errors="0">
  <testcase name="testAdminLoginWithDataProvider" time="12.624" classname="com.test.frameworks.POMWithPageFactory.tests.TestAdminLogin"/>
  <testcase name="testAdminLoginWithDataProvider" time="4.809" classname="com.test.frameworks.POMWithPageFactory.tests.TestAdminLogin"/>
  <testcase name="testAdminLogin" time="0.0" classname="com.test.frameworks.POMWithPageFactory.tests.TestAdminLogin">
    <ignored/>
  </testcase> <!-- testAdminLogin -->
</testsuite> <!-- Test2 -->
