<?xml version="1.0" encoding="UTF-8"?>
<testsuite xmlns:xsi="http://www.w3.org/2001/XMLSchema-instance" xsi:schemaLocation="https://maven.apache.org/surefire/maven-surefire-plugin/xsd/surefire-test-report.xsd" name="TestSuite" time="39.064" tests="5" errors="0" skipped="0" failures="0">
  <properties>
[...]
</properties>
  <testcase name="testAdminLogin" classname="com.test.frameworks.POMWithPageFactory.tests.TestAdminLogin" time="5.666"/>
  <testcase name="testAdminLoginWithConstDataProvider" classname="com.test.frameworks.POMWithPageFactory.tests.TestAdminLogin" time="9.13"/>
  <testcase name="testAdminLoginWithConstDataProvider" classname="com.test.frameworks.POMWithPageFactory.tests.TestAdminLogin" time="1.105"/>
  <testcase name="testAdminLoginWithDataProvider" classname="com.test.frameworks.POMWithPageFactory.tests.TestAdminLogin" time="6.589"/>
  <testcase name="testAdminLoginWithDataProvider" classname="com.test.frameworks.POMWithPageFactory.tests.TestAdminLogin" time="0.761"/>
</testsuite>