<?xml version="1.0" encoding="UTF-8"?>
<testng-results skipped="0" failed="0" ignored="6" total="11" passed="5">
  <reporter-output>
  </reporter-output>
  <suite name="Suite" duration-ms="38652" started-at="2017-12-03T10:36:06Z" finished-at="2017-12-03T10:36:44Z">
    <groups>
    </groups>
    <test name="SimpleLogin" duration-ms="10906" started-at="2017-12-03T10:36:06Z" finished-at="2017-12-03T10:36:16Z">
      <class name="com.test.frameworks.POMWithPageFactory.tests.TestAdminLogin">
        <test-method status="PASS" signature="setup()[pri:0, instance:com.test.frameworks.POMWithPageFactory.tests.TestAdminLogin@15975490]" name="setup" is-config="true" duration-ms="2333" started-at="2017-12-03T16:06:06Z" finished-at="2017-12-03T16:06:08Z">
          <reporter-output>
          </reporter-output>
        </test-method> <!-- setup -->
        <test-method status="PASS" signature="testAdminLogin(java.lang.String, java.lang.String, java.lang.String)[pri:0, instance:com.test.frameworks.POMWithPageFactory.tests.TestAdminLogin@15975490]" name="testAdminLogin" duration-ms="5666" started-at="2017-12-03T16:06:08Z" finished-at="2017-12-03T16:06:14Z">
          <params>
            <param index="0">
              <value>
                <![CDATA[https://talentcentral.cebglobal.com/admin/login]]>
              </value>
            </param>
            <param index="1">
              <value>
                <![CDATA[automation.admin@shl.com]]>
              </value>
            </param>
            <param index="2">
              <value>
                <![CDATA[Shlonline@123]]>
              </value>
            </param>
          </params>
          <reporter-output>
          </reporter-output>
        </test-method> <!-- testAdminLogin -->
        <test-method status="PASS" signature="shutDown()[pri:0, instance:com.test.frameworks.POMWithPageFactory.tests.TestAdminLogin@15975490]" name="shutDown" is-config="true" duration-ms="2897" started-at="2017-12-03T16:06:14Z" finished-at="2017-12-03T16:06:16Z">
          <reporter-output>
          </reporter-output>
        </test-method> <!-- shutDown -->
      </class> <!-- com.test.frameworks.POMWithPageFactory.tests.TestAdminLogin -->
    </test> <!-- SimpleLogin -->
    <test name="LoginWithConstDataProvider" duration-ms="15046" started-at="2017-12-03T10:36:17Z" finished-at="2017-12-03T10:36:32Z">
      <class name="com.test.frameworks.POMWithPageFactory.tests.TestAdminLogin">
        <test-method status="PASS" signature="setup()[pri:0, instance:com.test.frameworks.POMWithPageFactory.tests.TestAdminLogin@61dc03ce]" name="setup" is-config="true" duration-ms="1925" started-at="2017-12-03T16:06:17Z" finished-at="2017-12-03T16:06:18Z">
          <reporter-output>
          </reporter-output>
        </test-method> <!-- setup -->
        <test-method status="PASS" signature="testAdminLoginWithConstDataProvider(java.lang.String, java.lang.String, java.lang.String)[pri:0, instance:com.test.frameworks.POMWithPageFactory.tests.TestAdminLogin@61dc03ce]" name="testAdminLoginWithConstDataProvider" duration-ms="9129" started-at="2017-12-03T16:06:18Z" data-provider="Authentication" finished-at="2017-12-03T16:06:28Z">
          <params>
            <param index="0">
              <value>
                <![CDATA[testuser_1]]>
              </value>
            </param>
            <param index="1">
              <value>
                <![CDATA[passsword]]>
              </value>
            </param>
            <param index="2">
              <value>
                <![CDATA[text1]]>
              </value>
            </param>
          </params>
          <reporter-output>
          </reporter-output>
        </test-method> <!-- testAdminLoginWithConstDataProvider -->
        <test-method status="PASS" signature="testAdminLoginWithConstDataProvider(java.lang.String, java.lang.String, java.lang.String)[pri:0, instance:com.test.frameworks.POMWithPageFactory.tests.TestAdminLogin@61dc03ce]" name="testAdminLoginWithConstDataProvider" duration-ms="1106" started-at="2017-12-03T16:06:28Z" data-provider="Authentication" finished-at="2017-12-03T16:06:29Z">
          <params>
            <param index="0">
              <value>
                <![CDATA[testuser_2]]>
              </value>
            </param>
            <param index="1">
              <value>
                <![CDATA[password]]>
              </value>
            </param>
            <param index="2">
              <value>
                <![CDATA[text2]]>
              </value>
            </param>
          </params>
          <reporter-output>
          </reporter-output>
        </test-method> <!-- testAdminLoginWithConstDataProvider -->
        <test-method status="PASS" signature="shutDown()[pri:0, instance:com.test.frameworks.POMWithPageFactory.tests.TestAdminLogin@61dc03ce]" name="shutDown" is-config="true" duration-ms="2881" started-at="2017-12-03T16:06:29Z" finished-at="2017-12-03T16:06:32Z">
          <reporter-output>
          </reporter-output>
        </test-method> <!-- shutDown -->
      </class> <!-- com.test.frameworks.POMWithPageFactory.tests.TestAdminLogin -->
    </test> <!-- LoginWithConstDataProvider -->
    <test name="LoginWithDataProvider" duration-ms="12613" started-at="2017-12-03T10:36:32Z" finished-at="2017-12-03T10:36:44Z">
      <class name="com.test.frameworks.POMWithPageFactory.tests.TestAdminLogin">
        <test-method status="PASS" signature="setup()[pri:0, instance:com.test.frameworks.POMWithPageFactory.tests.TestAdminLogin@97e1986]" name="setup" is-config="true" duration-ms="1958" started-at="2017-12-03T16:06:32Z" finished-at="2017-12-03T16:06:34Z">
          <reporter-output>
          </reporter-output>
        </test-method> <!-- setup -->
        <test-method status="PASS" signature="testAdminLoginWithDataProvider(java.lang.String, java.lang.String)[pri:0, instance:com.test.frameworks.POMWithPageFactory.tests.TestAdminLogin@97e1986]" name="testAdminLoginWithDataProvider" duration-ms="6589" started-at="2017-12-03T16:06:34Z" data-provider="AuthenticationUsingExcel" finished-at="2017-12-03T16:06:41Z">
          <params>
            <param index="0">
              <value>
                <![CDATA[testuser_01]]>
              </value>
            </param>
            <param index="1">
              <value>
                <![CDATA[password1]]>
              </value>
            </param>
          </params>
          <reporter-output>
          </reporter-output>
        </test-method> <!-- testAdminLoginWithDataProvider -->
        <test-method status="PASS" signature="testAdminLoginWithDataProvider(java.lang.String, java.lang.String)[pri:0, instance:com.test.frameworks.POMWithPageFactory.tests.TestAdminLogin@97e1986]" name="testAdminLoginWithDataProvider" duration-ms="761" started-at="2017-12-03T16:06:41Z" data-provider="AuthenticationUsingExcel" finished-at="2017-12-03T16:06:41Z">
          <params>
            <param index="0">
              <value>
                <![CDATA[testuser_02]]>
              </value>
            </param>
            <param index="1">
              <value>
                <![CDATA[password2]]>
              </value>
            </param>
          </params>
          <reporter-output>
          </reporter-output>
        </test-method> <!-- testAdminLoginWithDataProvider -->
        <test-method status="PASS" signature="shutDown()[pri:0, instance:com.test.frameworks.POMWithPageFactory.tests.TestAdminLogin@97e1986]" name="shutDown" is-config="true" duration-ms="2871" started-at="2017-12-03T16:06:41Z" finished-at="2017-12-03T16:06:44Z">
          <reporter-output>
          </reporter-output>
        </test-method> <!-- shutDown -->
      </class> <!-- com.test.frameworks.POMWithPageFactory.tests.TestAdminLogin -->
    </test> <!-- LoginWithDataProvider -->
  </suite> <!-- Suite -->
</testng-results>
