<?xml version="1.0" encoding="UTF-8"?>
<testng-results skipped="0" failed="0" ignored="2" total="3" passed="1">
  <reporter-output>
  </reporter-output>
  <suite name="POMWithPageFactorySuite" duration-ms="26615" started-at="2017-12-03T11:19:40Z" finished-at="2017-12-03T11:20:06Z">
    <groups>
    </groups>
    <test name="Test: Simple Login" duration-ms="26615" started-at="2017-12-03T11:19:40Z" finished-at="2017-12-03T11:20:06Z">
      <class name="com.test.frameworks.POMWithPageFactory.tests.TestAdminLogin">
        <test-method status="PASS" signature="setup()[pri:0, instance:com.test.frameworks.POMWithPageFactory.tests.TestAdminLogin@13deb50e]" name="setup" is-config="true" duration-ms="2424" started-at="2017-12-03T16:49:40Z" finished-at="2017-12-03T16:49:42Z">
          <reporter-output>
          </reporter-output>
        </test-method> <!-- setup -->
        <test-method status="PASS" signature="testAdminLogin(java.lang.String, java.lang.String, java.lang.String)[pri:0, instance:com.test.frameworks.POMWithPageFactory.tests.TestAdminLogin@13deb50e]" name="testAdminLogin" duration-ms="21318" started-at="2017-12-03T16:49:42Z" finished-at="2017-12-03T16:50:03Z">
          <params>
            <param index="0">
              <value>
                <![CDATA[https://talentcentral.cebglobal.com/admin/login]]>
              </value>
            </param>
            <param index="1">
              <value>
                <![CDATA[automation.admin@shl.com]]>
              </value>
            </param>
            <param index="2">
              <value>
                <![CDATA[Shlonline@123]]>
              </value>
            </param>
          </params>
          <reporter-output>
          </reporter-output>
        </test-method> <!-- testAdminLogin -->
        <test-method status="PASS" signature="shutDown()[pri:0, instance:com.test.frameworks.POMWithPageFactory.tests.TestAdminLogin@13deb50e]" name="shutDown" is-config="true" duration-ms="2861" started-at="2017-12-03T16:50:03Z" finished-at="2017-12-03T16:50:06Z">
          <reporter-output>
          </reporter-output>
        </test-method> <!-- shutDown -->
      </class> <!-- com.test.frameworks.POMWithPageFactory.tests.TestAdminLogin -->
    </test> <!-- Test: Simple Login -->
  </suite> <!-- POMWithPageFactorySuite -->
</testng-results>
